35 281 19 110 227 289 11 207 28 160 285 12 230 68 47 40 293 199 90 242 208 206 205 1 279 178 52 43 231 126 183 69 169 2 165 247
39 296 63 162 283 295 113 29 254 172 222 238 217 245 241 93 82 237 76 185 3 170 253 48 196 155 66 272 97 251 154 229 37 215 228 94 257 278 132 130
38 161 204 224 249 159 109 128 177 22 240 223 189 117 195 53 287 157 81 147 121 243 17 292 131 255 31 77 25 192 153 256 262 71 151 274 9 211 84
34 209 216 226 260 49 92 267 32 218 261 15 298 86 6 16 14 111 119 50 46 89 120 98 83 145 20 100 51 104 141 186 233 173 175
28 193 105 137 236 125 13 79 271 61 73 258 202 174 284 42 268 288 194 190 219 112 152 270 297 106 30 135 149
26 290 38 166 41 213 266 144 282 182 158 280 10 239 96 45 176 143 23 124 67 101 138 181 265 142 123
26 95 87 8 85 56 244 264 191 64 129 118 44 115 252 114 250 70 291 197 78 269 5 55 139 248 59
15 127 57 4 75 225 220 74 140 188 235 35 163 27 146 201
14 0 184 133 246 200 102 198 18 171 60 232 21 39 214
13 7 108 136 24 107 203 273 150 156 91 277 122 26
8 58 99 210 276 134 187 263 259
4 294 80 299 148
4 167 62 88 286
3 72 164 103
3 168 275 212
1 180
2 34 116
1 54
0 
0 
0 
0 
0 
0 
0 
0 
0 
0 
0 
0 
0 
0 
0 
0 
0 
0 
0 
0 
0 
0 
0 
0 
0 
0 
0 
0 
0 
0 
0 
0 
0 
0 
0 
0 
0 
0 
0 
0 
0 
0 
0 
0 
0 
0 
0 
0 
0 
0 
0 
0 
0 
0 
0 
0 
0 
0 
0 
0 
0 
0 
0 
0 
0 
0 
0 
0 
0 
0 
0 
0 
0 
0 
0 
0 
0 
0 
0 
0 
0 
0 