18 9702 769 9255 7320 1735 8800 4894 7648 3640 9581 6352 4080 3490 3200 4520 7483 7147 8196
22 7329 2883 1866 741 6658 6515 2110 4654 4125 3077 9908 9872 7971 3227 3215 3680 7918 4559 559 7068 6775 3931
9 2343 3654 7940 7508 8963 2309 8428 1603 7809
17 5317 5885 8040 9325 9412 7188 5764 8189 4704 6563 313 3936 8345 7239 2693 611 2909
26 5864 3167 7553 2233 3368 127 4661 1647 1995 2212 5352 3924 8554 9155 9028 5176 8764 953 4498 5422 2966 5550 7898 4701 6104 2563
18 1480 9407 5086 7913 5250 9249 6793 1331 21 1819 8151 776 4378 7034 2035 4473 7842 7566
17 7882 8212 2986 2176 984 7142 9624 8536 9248 9302 3039 1748 5462 3305 8218 3099 8638
16 2735 1332 9140 2559 9187 6689 5674 1674 8346 2075 5155 4984 3082 6669 2573 2373
18 7314 2788 7864 5161 6003 6305 6607 4184 7140 5983 1 1152 3977 2933 5664 7382 4916 9849
28 3905 9316 7542 7463 666 2184 9018 1443 4035 9701 4645 137 4944 3645 1448 9075 2023 5329 6146 5156 5511 2753 2054 2125 6391 1736 8895 7105
17 7028 6916 6228 5158 5794 6269 3891 3990 1399 4773 959 9358 4768 8755 3026 3115 9639
24 881 3442 6952 1326 6190 5858 9130 1977 3499 6140 2394 2434 2452 3661 1389 5033 8186 7221 163 9438 8540 936 8775 124
33 39 816 9864 6630 2056 7434 369 9429 6333 2787 8739 4777 4853 4106 6974 8160 4278 7474 6178 5303 7620 8353 9074 8109 3165 3062 8460 8860 255 4564 3277 4978 868
44 6363 9799 4742 6277 4877 1433 5382 315 8421 5888 5920 3022 4297 9738 4099 1179 7513 8843 1960 2 6345 395 11 2513 3946 7627 2534 4550 1391 1822 3997 7339 1420 7305 2808 4235 6460 5122 2192 1395 7604 9351 8523 6444
14 6462 6418 6663 4143 3202 1411 6810 8140 9667 3434 5470 3609 7368 7855
24 8038 4260 8728 9523 5241 6150 5377 3865 3403 32 507 7691 956 1023 7113 2425 8935 5373 2011 304 7315 3505 4747 8669
10 5437 8500 4887 9579 7806 1337 538 6999 7288 7405
13 8991 4794 8521 2418 3767 1071 4856 6696 8815 4236 6423 2409 2175
24 9503 8518 3578 4965 4714 1531 4343 4357 3992 396 3689 6581 6056 4073 3058 5170 3759 9659 1476 2139 5364 1643 1624 8738
16 9011 2247 4884 5381 1625 3358 7194 7672 613 7659 8974 6779 7216 2059 3098 2851
21 1817 5815 4119 2368 4688 9440 8116 2621 6231 6240 4472 9085 46 274 1638 2024 1820 4019 366 9056 9716
15 6548 8448 2718 9231 2654 8051 5105 2631 5630 1073 9604 5302 9644 4212 7615
11 2881 9888 6912 3475 2171 2288 8998 3959 2595 3902 3275
28 6740 5679 2166 761 2511 9345 9845 640 6338 5704 8190 7933 671 3807 531 871 9980 7770 3754 4566 680 6659 3782 3258 5692 5715 1027 7024
21 2605 519 8272 5123 3564 9305 7141 8547 267 1369 7849 8574 6044 8071 5284 977 115 3447 1772 3507 9967
41 1773 8086 29 3430 7709 3294 9951 3249 2904 3029 7430 1651 9232 4749 3816 6805 2809 3947 649 3859 3269 1325 40 4009 1471 6262 412 238 2837 3308 2636 2229 7096 6374 3854 1383 1846 7822 3356 3595 5512
9 7347 211 5426 2388 1555 3536 5587 8169 7509
34 8239 726 4071 1524 9633 843 5642 3951 9473 6903 9981 3663 8546 1721 8273 7729 5709 2359 928 9110 9379 2057 1283 4638 1943 866 6386 1292 4457 5117 7624 9955 6339 3087
24 7373 6456 4428 9393 2838 4618 8758 3119 8191 5120 947 7562 7081 6238 9843 4456 3070 5073 4518 1487 4075 26 2358 5449
27 6830 5343 8477 1784 2453 3461 2296 1221 2748 5049 3655 7446 9144 3566 9647 1110 6744 5062 434 6619 1720 2612 2034 9221 836 7152 495
37 7904 3371 6293 8464 7560 9657 6752 4208 2783 2512 3169 8598 4756 4819 6378 5583 1045 6772 9298 9222 1308 800 2438 4497 7935 1029 4543 9142 3761 8475 6495 6728 6436 1096 5247 6769 7192
6 6724 85 7891 2591 3906 6610
38 4924 6670 853 9270 2796 5387 8262 9670 864 4012 2495 4815 2320 7916 9263 8182 5730 3811 5163 4330 5472 8126 6838 8903 1435 5102 1188 8721 9964 8110 4487 6443 1792 3561 8097 5072 1277 9931
34 4301 1949 3565 1693 9353 5032 1276 1453 601 3606 4055 2568 7967 1702 2923 5804 2732 8621 6375 7592 8074 6886 4893 3290 3241 5249 1166 5917 4862 7781 8166 6522 7100 859
25 9100 1353 482 6794 1233 2357 1365 2791 3608 9072 399 3948 9441 9539 754 2443 5004 9157 9516 3465 134 1859 5233 242 9250
33 9897 7229 1474 4414 8029 8274 7692 9768 9132 7883 4285 5017 8434 8085 4958 9487 146 7816 8645 7208 9106 1709 129 8228 9185 8958 8749 4890 9375 6187 1904 8017 1956
22 4087 5757 1066 1273 4907 4084 3311 4648 5994 9045 9640 4854 9819 2250 292 7386 2156 9186 8780 7788 9527 2308
34 7318 3607 3849 5222 2589 4450 5384 4507 2209 3370 6357 8688 6380 7392 1217 7697 3753 9496 278 1130 4686 7610 1876 8164 512 4582 4477 5732 7094 8153 4541 9533 6226 5175
29 9444 5601 4387 1013 166 7108 7926 1193 8617 767 7490 2478 5694 2065 6442 8817 7351 5640 4809 1296 6454 8911 8809 7642 1682 4898 7708 4783 8925
25 4532 563 7630 2596 4245 4939 4746 8524 3621 9490 6234 1810 8544 8470 8906 3256 4067 6774 9384 5767 4692 4251 257 1982 1905
28 2984 7411 643 6039 3338 2989 1870 4775 4992 8307 5999 8871 3846 4316 9844 517 4660 7132 5216 7538 4237 3235 4459 4993 8304 4218 8046 4399
15 854 8204 489 5172 190 5510 3236 8209 8435 5212 5982 7337 3856 6505 1136
22 9751 1815 3743 5027 245 81 35 658 5856 6425 9996 3191 5668 930 6764 582 6192 3047 1386 1272 2053 5597
19 3962 9566 9976 8629 1260 4867 7631 5915 4806 6110 1968 2122 5358 3648 6316 9927 2144 8532 3237
15 3508 3496 1843 4882 3321 6274 5379 6542 2842 5104 3449 7718 5561 9739 914
27 8667 8406 6849 222 5995 5769 6536 200 8149 1884 3623 7176 8872 5976 3818 2325 6023 6319 694 1328 4167 5259 5208 9988 1626 9661 2363
29 698 4214 945 5902 2738 7643 380 5500 3300 7406 533 4034 7442 965 196 2497 4352 2769 7497 576 3150 2340 6157 2844 1953 5778 78 3613 3713
9 2204 7468 5475 7745 5002 7805 5785 4997 1140
30 5625 4094 3197 2272 2313 7455 8694 8799 1803 1416 7197 1255 5901 8624 6605 6165 3949 7205 7195 7262 3372 5139 4912 2063 2749 1588 3359 731 1976 3897
18 1725 9349 3468 8324 596 8055 7988 7387 2095 2630 4647 4533 151 3893 4312 3824 8199 361
49 4029 7843 3970 377 2132 9406 5452 921 199 1550 4056 5534 2393 2898 9457 4575 8128 3732 3974 2740 7915 2108 5366 1236 3772 8826 4085 9208 5314 433 1796 9091 1850 2341 4620 4000 8108 2804 2506 2978 2906 6105 4454 2518 6306 8141 4626 6612 3484
31 3877 8576 477 4404 6786 3904 1492 6159 4467 3292 5532 4092 8857 1668 4503 9767 3963 4096 6488 1743 3895 999 4265 5956 6204 3551 9193 9331 5274 2148 5456
16 2147 6474 4717 2486 9636 592 5350 3293 7189 4460 171 8299 8997 1259 4614 8569
24 7196 6189 208 8459 7398 3067 961 2482 2079 9628 3839 7638 6550 4666 4872 9062 1685 6868 3635 5986 5039 9079 4329 7264
27 6526 4855 4495 1228 4784 3276 7993 5260 6412 9733 9177 9381 2977 3435 7352 5074 990 9284 4249 2710 4135 9867 9348 7292 771 3142 8253
39 8786 7810 4720 4346 3554 1269 5593 8868 4938 4003 6098 9537 7715 112 3351 7498 6272 1741 5391 7016 4486 6130 4114 9704 2945 6318 3155 1786 2396 333 7454 103 8863 4188 5728 3010 4578 5068 8013
27 5424 378 3232 1313 61 1734 5990 5237 8795 6843 3160 9012 659 2538 9135 7701 8915 5356 1639 4326 1912 7122 6684 1116 322 5705 3630
26 3625 7792 2335 6901 6900 2439 8736 7088 6953 975 4437 4070 2284 2996 7179 7886 4403 6707 3152 4263 7798 7939 5026 6600 1322 1740
28 5763 1138 3776 1104 7637 5535 5818 3579 3796 1406 6498 2742 3773 9926 7724 6749 4115 6652 7679 2480 3710 3425 9328 2402 2959 9479 7296 7581
17 4144 9409 1159 6910 7265 2850 875 9758 8400 7734 594 4442 9877 1882 2197 3413 8594
12 8565 4150 2240 2384 1670 7817 5019 7106 9541 8061 6995 6675
6 3090 428 476 9392 3331 8824
31 288 9420 5440 8449 2641 7975 9735 3088 8493 8807 7907 5101 9160 8446 5320 8665 2043 5183 6763 6861 1945 9006 5385 1289 8729 2943 2719 1901 4971 5575 5524
37 619 9626 2230 6420 1992 8020 6649 739 6969 2536 9385 2330 7211 128 1667 9832 1460 1415 645 4669 9054 5564 2248 9724 5569 2729 9489 9798 7547 3234 5000 1622 9212 3455 4925 6539 8002
15 2261 530 209 1794 3068 7716 8819 5725 4715 2825 3567 855 2218 5877 7302
16 2382 6747 8670 1879 9322 1486 9218 9949 7402 8242 595 8197 9674 2294 7723 3517
34 3828 8630 4788 9952 9874 2465 7104 9830 5507 5816 874 513 8761 847 7503 7187 684 1831 4651 4076 6235 3145 9848 2433 7800 8387 9697 149 534 8920 8567 8336 7820 8887
20 5739 8489 5304 9113 9613 3005 6164 672 697 3291 174 1058 9470 7978 5910 8442 1974 4982 2785 4732
27 3163 8026 7465 7043 2828 6239 4379 2963 782 419 5227 2711 7690 2577 1527 2060 3910 832 5021 9963 7274 5140 744 5670 6920 4168 2430
22 2863 9679 3381 9109 6426 5589 7153 6174 3052 4323 634 1572 9368 7177 695 2994 8810 9239 7313 7832 9683 9049
38 8048 3549 8962 1655 7230 4344 3148 9138 2112 6399 2270 7278 4247 6677 3750 3124 5451 8268 4787 5879 8918 1262 5495 6313 9363 6106 6396 4165 6346 3392 5357 6281 9783 7917 7974 9350 2494 3545
31 7966 738 3086 9754 164 8378 4141 586 9992 3211 9240 686 524 9229 9447 3660 2841 4517 1631 7944 3075 5389 7786 4382 8495 5687 9162 1824 3920 7753 6524
13 8167 5299 7875 3708 8821 7167 4356 8741 275 5919 3330 2789 9914
41 7293 6695 9698 8703 3025 4255 3281 9935 3691 3802 9691 6811 442 5724 4602 3875 9324 8767 6280 342 6062 993 194 5100 3483 1164 2109 3352 3195 1493 8361 2611 2561 9542 5506 6301 8281 5098 4631 3076 748
40 2082 2304 7253 5748 6048 1248 9631 2292 6502 9512 3501 7769 2756 8783 7263 6327 6480 952 7746 1429 7755 3597 6181 4942 7363 4915 6478 5353 8689 6776 4272 4082 2522 9431 6490 195 441 7976 8280 8499
27 9944 2119 2571 4679 5934 7342 7651 3570 1746 863 5292 6940 2398 7790 2242 4625 5992 3707 4086 3832 3102 1351 8076 6176 3525 1035 1375
20 2198 606 3009 9680 9985 6012 262 1201 3072 4411 9708 8068 7419 8986 281 4745 5157 6847 973 9488
34 5619 3245 3117 1352 3411 7952 3629 4595 5572 8370 448 3830 9920 1533 9299 2919 3524 3154 9482 9225 5080 1163 1787 9327 8381 2911 8347 1026 9318 9170 6509 5950 3503 2824
9 1666 5189 4941 9021 2137 2560 8511 1175 3341
32 6102 4644 7534 3073 992 5323 4970 5878 8664 6587 30 2958 9785 5372 3799 7099 1132 1011 3511 3391 8473 6184 1187 3700 470 5768 6528 1654 3387 9616 8971 1653
15 8244 4335 5374 6694 6123 9452 4687 5441 2896 1117 1446 5754 3448 6124 632
17 5481 9202 9121 7962 5729 4289 7076 7949 8427 7107 1016 3980 9086 6948 7720 2876 8528
26 3061 6115 7355 7097 2741 6737 7316 1781 2614 1790 8883 2290 3141 1606 2712 7330 3982 1719 3592 9998 7584 1696 9664 3283 4122 5035
33 3173 9619 4880 1724 5743 8557 3194 7712 3918 5792 8766 3459 4502 168 9815 950 5913 742 9171 7309 1176 584 933 1590 2093 9866 3521 7047 4438 2269 8006 8221 4936
25 2344 117 1054 8059 6155 4112 9020 3546 8213 280 6512 6034 4064 4871 2180 1970 4163 4587 8303 5257 8927 7591 5696 7175 6390
39 2662 9979 8551 3333 3439 9744 1227 8892 6409 6069 2635 3414 5751 6634 6873 2362 2431 6622 724 8760 8656 508 1431 7091 8516 1839 7345 1368 2500 777 6617 3000 5416 2334 2772 3244 220 7371 8012
40 19 3555 9291 3066 1315 8932 3239 4833 9405 9852 5941 1251 7117 730 5187 2975 4642 2901 9101 1745 8224 8486 4123 3315 9784 5042 8904 4675 4906 8525 1171 4748 6225 2440 736 3624 5490 2499 8201 6400
23 723 2061 5626 4546 6558 318 3955 1635 6329 2673 5771 895 6261 1143 7291 1340 5525 1853 905 1519 3979 3074 6090
13 8732 3940 2123 7857 4843 6252 9152 8437 7362 3926 471 7160 6667
43 6382 8237 3170 9283 5054 7730 5034 849 6927 459 2352 9559 2426 9492 5699 9610 7683 4605 2731 6588 2557 3139 2802 3593 1989 6743 2142 4591 1358 3337 4152 3881 4674 7063 1566 6846 5568 3412 3684 8526 525 7201 1950
27 8402 25 9179 1551 2558 3271 8753 865 1513 2760 5217 6827 1596 9725 7137 7969 8107 7706 3960 420 6175 1611 6314 6079 4210 9312 2862
19 1286 3457 273 5091 3774 2010 7032 276 3878 806 7932 964 189 5339 6637 2389 9448 2038 3626
31 8745 8731 6877 8822 8713 7574 2531 7156 9538 1090 825 8157 9757 3909 2686 3779 6989 1475 9031 8505 8293 7645 6451 7599 3908 9826 8234 5733 9678 9181 5979
23 7280 4637 5235 1323 3444 8104 7328 8328 5393 2293 7613 8077 8922 9978 2191 654 7400 4097 1851 3820 8778 1507 2090
28 6169 6381 9563 8458 7960 4848 9234 3757 4761 1041 5428 8037 8951 2140 4024 5576 6962 4202 8597 1840 9884 4832 7536 9902 8668 752 5850 8596
25 946 674 1030 3055 6656 9820 2942 4537 6473 9965 248 439 95 8192 8478 2871 2980 4166 8317 8264 8676 8522 4900 8215 6227
17 1119 2128 2020 7640 5112 6031 2088 3210 2979 3463 6821 8779 3474 4138 5463 4650 3158
25 1908 622 580 1799 6206 311 867 2311 9403 2244 9727 1310 9958 3078 8415 1763 1933 4572 8270 7408 7168 2816 6289 9786 5407
13 9663 6325 1040 8784 9090 7319 2660 8704 4771 9119 556 5149 4271
27 7322 1560 9586 1988 219 8376 5135 6913 2074 3027 8796 5779 7466 2670 1944 7098 453 5210 9333 77 824 7486 1451 3389 9933 8064 8330
15 9788 4828 3580 7186 9402 7471 6321 7854 8946 2097 5633 7238 9591 5333 3927
7 205 8708 9925 9763 9293 6047 9515
33 7787 9207 4807 8383 3958 3572 7114 493 282 8484 5089 803 8410 1509 1869 8133 5347 3801 3198 4485 1491 7837 3894 8440 5556 714 7525 7384 6799 6880 8469 5401 5513
49 6362 3602 1637 4066 4074 3317 1528 3921 7248 47 6360 7579 271 2622 6643 617 6026 989 8529 9458 8177 9300 3443 8127 1800 4232 2336 9428 850 7354 6709 1678 3506 8476 7532 359 5951 3628 8392 478 8709 2189 7721 4513 1906 3662 2873 3730 2625
38 1816 8816 5952 1838 7379 1111 2997 6041 4453 1644 6648 444 4415 2663 456 9883 1214 2646 6691 2903 6785 6510 3385 9919 2733 4946 1673 4632 3383 5595 2149 5832 1890 2158 5930 7590 3526 6828
11 6072 1605 4307 7866 5649 6397 1257 7699 4937 3491 2868
29 9509 768 8885 4410 1613 2364 4088 2333 6279 3778 3735 7267 3788 4776 2303 9835 1033 9389 1780 743 1131 1623 7583 4118 7233 8905 3081 9034 5110
37 6145 7232 8530 1692 2424 9923 2810 8179 1414 6615 8989 1902 3615 235 4892 8338 4200 3632 1057 2941 2077 8772 141 4930 5582 7749 193 6885 7301 5041 1461 7178 4850 9740 1706 3431 5111
21 605 4072 4395 5213 2327 1628 554 5491 1192 3246 2763 3568 9204 331 6860 2894 6154 2030 5270 160 5275
29 7501 907 2105 2547 3188 2915 206 4489 8323 7546 7572 3789 5214 9947 5887 9055 7003 2400 5835 5076 3404 8027 2319 7972 6687 9531 226 2617 5266
39 6729 1553 3999 2323 139 6856 3988 4250 2566 2831 5267 3168 5088 1883 98 2645 2867 1727 6674 4561 9421 2995 5448 1921 8590 1382 5639 577 500 5097 5327 4917 121 7385 6988 8417 5363 4678 4719
39 558 2917 2695 553 780 7365 7564 9442 627 3885 3542 6705 4164 7665 4365 5656 529 7737 1348 7203 969 6925 2882 938 490 2694 9821 1548 8961 4201 8399 7006 2872 264 4191 7771 6545 7667 4023
19 2918 8447 5359 1189 3122 5480 8231 1765 3186 5863 9423 3171 8305 5419 8907 2371 5936 7767 888
21 4340 9518 375 5084 8290 1554 2031 2167 8294 169 2600 9378 3981 6491 4274 6590 3874 897 408 8394 2528
18 1155 4624 4722 2944 3809 3795 1934 4628 8856 405 656 8306 451 9211 5078 3223 8036 1425
7 6935 6537 8170 1530 8329 6377 7678
9 3487 9913 3539 1007 6388 132 3956 6632 3153
34 5997 9846 7704 3603 8254 8298 2461 5487 3354 610 3952 409 3721 9912 4613 6353 1459 8595 4770 670 7782 9880 8115 1298 8354 3563 2493 3642 5115 5542 5286 6315 954 1730
41 3091 8158 6413 6168 1384 696 2467 4525 9314 5546 9134 9190 5006 823 74 1561 6251 1975 2246 9455 2525 9934 4690 2765 3242 1618 6555 5706 4025 8914 681 7545 5916 185 3336 5109 7851 1704 2029 6918 4129
32 5505 734 9366 3575 6407 567 4656 1170 328 5996 172 3384 7256 3199 6125 7372 7118 3786 4384 6726 4709 5621 9607 6682 693 5482 4801 8649 6869 7121 3725 9360
28 7711 1407 704 5341 3692 5881 422 789 7438 8018 2899 5853 7698 6956 4328 5228 8691 3843 3038 6579 1532 8610 2826 6865 7852 9026 8954 9824
10 7394 7889 2982 7575 4603 7327 9080 9330 34 773
16 7970 2736 9471 9571 5793 7945 3018 7480 3804 2487 3023 9932 2666 3884 4425 4277
11 8016 3527 3696 1186 1797 7145 7506 4492 6371 8900 4239
9 2316 2720 1349 3426 6133 3808 7110 7910 5067
24 8785 6263 6513 8184 3149 8933 2025 8693 6431 6883 6376 8004 9548 9583 717 9245 7447 2820 1385 3301 7997 1174 4755 6690
24 1107 8395 338 8481 6004 9251 589 9524 4441 4443 8651 8348 4439 4322 6432 6525 8050 2226 8680 6759 1894 1056 9522 9005
24 7892 5445 5245 3187 6855 7116 1048 3666 8575 481 9272 2216 9595 6739 8952 4004 7764 9641 3044 4594 7061 6230 1829 6623
21 4148 9070 9720 394 2576 4664 5554 7799 7653 4744 2291 7512 7103 1010 9485 5690 6245 2454 9265 4206 1855
22 6902 6002 3366 1422 6966 9761 2784 7366 3512 8088 7671 6891 7752 7022 4216 1990 5392 1089 1205 4501 4817 1691
35 1270 7285 8291 9003 3855 8931 4050 7636 3697 9556 326 7846 3217 9401 7380 5103 8988 4657 2235 7573 3765 6223 6967 9015 1037 581 3312 6668 5772 4581 9756 8162 1764 784 9069
28 4306 6404 677 3196 4706 7475 1319 884 5193 7778 1695 6980 2484 4598 3726 4999 3582 3001 7012 858 4737 44 5707 6014 5438 571 5618 2650
7 7741 9252 2533 1430 631 2758 6285
49 2721 5744 5324 5598 7082 3049 64 4693 2856 2967 6711 475 4821 2401 8425 152 6029 2745 3036 215 8653 9574 2675 9904 3096 2846 1275 4549 3896 6530 293 7273 4974 5611 9261 1656 3815 9093 7056 4567 1083 3581 2022 7332 1092 2890 4961 270 1207
19 2517 3541 2973 8970 6583 9732 2702 2543 7754 52 917 53 8502 6591 7992 4341 6766 4640 7681
33 4673 8351 585 3213 817 9974 9068 851 5803 6780 7779 5190 7647 6103 3006 4221 4684 3416 8583 1919 9365 2638 2579 1916 1360 5258 3399 7979 673 1526 6568 603 4022
31 1209 7928 4781 6580 1686 7020 4142 9602 6367 4635 2000 4195 6188 6216 2178 4989 8176 7389 233 7139 703 4671 4373 9994 2091 9253 9308 6500 6295 1347 1540
29 9158 5192 4139 5332 8973 560 4481 5809 355 4342 1871 3454 1917 7072 878 801 8041 5355 8584 4368 2895 3954 4254 2728 651 1274 7157 532 4922
19 1215 6851 541 3810 1776 1744 1447 6402 7148 135 2523 461 1601 5234 1376 3911 5918 165 5414
23 9099 2648 2018 6898 9989 109 7325 3752 5200 6328 848 1063 8315 5947 5488 6852 1049 1249 5215 4215 5010 336 573
16 5321 539 6198 4058 7929 6199 118 1874 5417 6734 505 1875 9175 4868 3523 8365
21 3548 7861 8326 2155 5957 8382 7557 7249 8219 24 6255 1863 8792 5908 1541 7207 3867 5211 9460 8829 5226
15 3206 3147 8135 8379 6719 9226 4895 8968 9750 5022 2083 706 5987 8084 8633
26 54 8003 544 8504 688 4810 8605 7071 3251 4266 2501 732 9946 7550 841 94 1388 6516 9161 6086 8340 4361 7828 5144 418 7950
42 6131 3912 7554 6942 9216 5060 5082 9267 9890 6304 3121 2717 7924 8644 6218 1700 2607 3756 7868 6138 7414 2479 4279 9982 3913 9892 5738 7443 4627 2195 2066 1124 5128 3427 3059 5671 9413 2257 8966 3711 9404 1662
14 3864 5971 6446 2118 7650 9780 9666 8832 1852 5899 7867 9282 9483 1546
38 1216 3694 5530 9128 7710 1777 8510 856 5892 6222 6055 4643 715 27 8403 7570 8533 4014 9258 5492 3553 520 4621 6791 5194 1401 5938 1103 110 6557 1577 3183 2855 9063 2249 9794 3504 4095
16 9742 6692 67 7811 3515 5954 2578 6457 890 2957 4137 8828 7684 1836 2707 8727
26 8150 372 3605 3651 727 5734 2777 9839 5701 7346 17 9615 2380 8661 2469 5229 1926 1153 7623 7518 5784 5454 5774 9032 7589 8942
15 7431 8175 7191 454 8143 9459 362 2488 2331 2779 4240 8658 1858 3941 5726
25 7181 8093 1438 4623 2026 3225 8875 9822 216 6897 9139 9987 4698 9148 125 7420 6549 785 2283 6249 1793 9076 1172 4116 764
37 6792 2470 5134 9118 839 1241 8555 3116 9199 6053 8614 4940 1324 1913 8981 8393 8901 9376 8432 6858 4694 8833 7835 548 7728 9352 7225 7658 9094 8985 3728 6278 8202 6934 1091 4488 840
27 8625 9807 6807 4207 3261 4973 3297 5151 6116 8172 2754 7250 1557 7477 4981 3205 6064 7529 93 5658 9361 3919 1469 8015 1671 835 5127
20 2692 4959 4327 8030 1518 3557 3833 3469 1738 6575 9104 3930 3432 9030 9954 8235 1156 4751 1157 8053
39 6520 2552 5300 6822 6884 7561 1004 357 3420 1142 5295 8655 7425 3993 4544 3783 518 8257 8814 9321 4043 3320 3262 8248 214 3382 7695 2674 6697 528 460 3151 7439 9885 9443 7450 2255 3324 5037
18 2379 7040 2135 7687 3601 5808 8553 3325 5301 450 857 4515 2037 2565 2445 1085 2953 8267
24 8124 8675 4601 5719 1627 4802 3396 1634 7884 4355 9274 8081 5349 4153 6292 7556 6519 1523 6484 3071 7732 6092 2950 1000
9 7487 549 6101 9948 7433 5531 6508 2708 6018
18 446 4980 9576 1506 3647 305 1070 1538 3407 6049 4774 8066 5354 1703 4298 51 7241 2252
39 8762 9806 445 8187 7829 7287 5182 4421 9900 6493 9022 9165 3024 41 9244 6253 8671 5514 9828 8236 8937 397 3104 6120 8692 5898 9760 2768 2004 9017 7688 8776 4146 4766 7989 5828 7295 5423 7844
27 4869 4309 4060 5344 5136 7102 6564 6832 9611 5369 9297 2927 8791 6985 102 6971 5040 4204 1502 5418 5099 4696 1098 4046 9418 229 7519
23 8699 9847 498 9437 842 2912 9743 7668 4689 4789 5991 932 9279 7084 4926 2775 5745 7625 7054 8497 9525 526 2521
18 8672 2949 668 7271 8950 7448 7323 2072 2006 1779 7804 9921 3733 8483 5752 6046 4757 8276
10 6907 6836 2661 2015 6006 2639 2981 4845 9136 5071
17 6863 1146 486 9755 8079 8343 4685 23 788 6768 9269 5912 7826 2223 3558 9417 1288
27 4612 6424 9588 8889 7862 101 3395 6699 9372 6066 9355 7461 4505 5594 3214 340 5791 269 3019 351 7031 4923 7144 7593 143 6351 6330
13 6466 1529 5008 8601 7999 9238 6636 9346 389 5272 6889 6624 9476
15 1545 3986 8155 1973 8663 6050 6100 8409 6256 4275 7839 4192 2131 1760 8949
32 3868 4536 5442 3673 7612 6340 33 7768 7847 1281 6662 6141 4830 5837 6800 130 8296 7984 1612 2042 8111 1582 7981 9217 834 246 5657 5467 9875 5030 644 8684
28 9814 6068 2570 4677 2381 7941 5001 6803 9052 8782 5890 5059 2302 198 1915 1520 8423 6954 9898 2027 2096 2372 6401 5432 8467 9606 2853 1293
26 3705 8024 2714 3739 7833 374 6247 3685 8181 9288 4797 5306 9718 2190 4960 6264 9519 1374 14 1462 1126 4427 5673 140 4983 3771
17 3252 4205 1245 1620 7911 5984 1814 1002 8913 7921 2541 7359 652 9059 2902 8441 6011
20 9689 802 2665 3112 5371 5756 7726 8830 1421 4465 4089 261 7925 3020 6947 5509 289 8934 9999 1680
25 9612 2338 9804 3494 565 4665 3966 4225 4223 5289 2603 949 6645 3181 2900 8945 5777 330 4879 6283 3247 5968 9600 6817 8677
27 4985 5133 920 4098 9882 7226 7019 1979 9078 5205 1470 3693 427 1565 8284 7275 2186 5268 2086 3473 6312 2757 547 5680 1659 7655 7204
15 345 6485 4291 716 1203 6647 6834 6582 4899 6975 7237 7482 8139 3464 1575
42 8366 1932 7965 2432 8573 5741 2599 1660 9625 212 2999 9035 8637 8715 1197 6108 6163 6932 708 4407 7101 5830 7793 37 1402 9205 4303 9060 2215 4470 6109 8999 7821 9540 9203 746 3978 9323 6872 9439 3914 479
28 9986 615 3221 2278 4920 7428 9303 5686 1113 2766 3509 6621 4600 2937 8506 1162 5585 4636 2374 1980 1008 4264 4588 3837 6770 8837 1185 5493
12 204 6823 9397 6879 3207 7947 7027 5787 5555 755 5048 5412
19 2491 1500 4090 9707 7619 106 9620 6922 5962 3560 712 4931 7283 4504 781 299 7559 4760 9067
30 1367 6831 2725 1860 1986 1955 7209 5875 4933 6244 6398 3938 9419 3840 7464 1940 3678 6166 9197 5928 3822 8781 9257 9648 9854 4474 9759 3048 4484 623
29 4998 1299 5868 7686 3866 2324 6361 5166 1208 5141 6282 1432 6760 7982 7299 2295 2747 7736 5924 1881 6153 2005 3063 2529 7481 8802 3886 1636 3698
21 1594 6765 3193 8992 9699 2041 5188 3057 6486 775 2640 2771 8444 6641 5380 6463 5207 1398 5683 2936 4545
8 1213 1593 1867 4829 5782 3233 1078 6517
15 8893 5948 8698 6186 6259 8035 4659 1053 9116 9126 3127 4935 5094 4528 7206
13 2346 3729 5498 6551 7902 5634 1080 9660 1356 7290 7676 9891 2746
22 3703 3285 6896 2455 9810 2115 5780 2264 8864 5570 9501 6556 4173 7815 1610 3388 8891 9301 5867 3633 6933 3950
29 798 1320 4947 2713 2187 2633 9495 2545 5025 9474 4426 5503 2468 3054 5124 7376 8364 2124 4551 5560 9057 2307 1133 3460 1849 562 5461 4577 7039
46 5895 6638 8840 8420 3157 3453 9526 6202 8566 4705 2044 9237 4376 1580 1503 1733 720 6094 6904 7609 4052 2584 1450 4861 8318 7549 870 4385 8592 5588 6022 8333 9343 8818 2985 6136 2704 4702 6592 7803 5459 7059 4700 60 2318 757
28 7850 6403 1129 5678 6132 4117 9264 9434 1681 8148 5023 5143 3495 3344 1895 488 5197 2849 944 7349 8790 1258 4041 410 3456 8411 5749 8648
14 3265 8009 6678 1252 612 5844 751 6089 2835 1046 583 6864 2407 1880
29 9451 4948 8251 4560 6356 5540 3657 9652 7595 5702 4767 2752 8023 6290 8450 5262 6653 2682 2739 5138 7775 5812 7079 5096 6291 6489 9398 2795 8230
15 5044 7435 297 8545 1609 3429 423 7927 7578 364 8572 5367 1154 2451 1344
40 5833 9463 286 9769 9805 5602 6825 799 473 9871 6307 3051 4054 5043 6584 1756 2422 4227 4699 691 9395 7558 1464 2268 3201 8010 3996 9425 8697 9575 4039 2889 3637 9726 9585 8619 7343 73 265 3033
17 8683 187 8854 8965 6349 9247 1911 1714 1597 2416 2205 5945 6926 9825 1068 3953 4417
24 6207 6541 5121 5305 4394 7607 5650 8774 4834 7777 147 1436 382 4017 5553 5883 2594 9390 1329 1683 1663 1698 653 1813
24 4189 1005 3775 4093 72 9684 9195 1676 5721 5813 252 3450 4002 3530 9997 740 3587 5421 7021 3278 6015 2569 6429 6143
30 5802 2537 4885 8993 6654 8325 5727 7129 8058 2033 463 1886 3594 4494 1684 3785 1062 636 900 2866 8344 2877 3576 8508 983 6448 9642 5460 6586 452
23 4380 1515 2885 5860 5541 2314 852 5907 5963 8979 4170 2722 3636 3991 8207 3847 6597 5829 2829 509 4224 7240 492
16 2298 6804 1291 2681 8146 5805 6160 7948 7813 9609 1903 421 4510 3762 8501 3533
37 4753 4842 4584 1737 9071 3028 6173 119 7236 7682 6196 8161 8206 5700 387 9983 3798 3790 6203 4314 5708 8550 9597 1782 1405 6655 5893 5518 628 3814 1219 9147 3310 8751 1285 107 5775
30 4735 8494 511 4617 4183 5781 7664 1715 5866 5477 9544 5654 1804 7045 9105 155 833 1755 3056 2893 4175 3610 5243 979 7661 2084 3365 9957 4524 4557
28 2193 2931 8578 4811 8416 6905 5681 7231 3498 4182 8705 4121 9189 7018 6027 8252 6798 4402 8080 1021 5932 5148 7530 6358 221 7202 2070 251
31 2806 9449 8412 7563 1168 2164 2444 7086 7415 3136 5486 8247 809 6816 9111 6117 7033 7159 3834 5843 2002 390 6991 301 2697 6348 5130 1801 7696 7606 2671
20 4996 4109 4609 713 3667 5083 1240 2910 4697 9254 2590 5903 2767 5246 1231 7163 1077 7951 6976 7437
39 7476 6193 1978 8072 9837 8466 8848 8559 3826 2690 9685 6248 5955 4658 3222 2948 8312 7761 561 1847 2668 9917 9332 4870 9456 8452 2832 1225 7473 1675 468 4548 1442 3488 1408 9792 8744 3971 1244
25 1586 3502 892 7333 6450 8953 7662 2412 7149 515 5081 8456 2827 4569 6895 1987 7744 9124 3390 1473 7008 9690 7395 8321 3871
27 7957 502 846 4583 8277 873 6297 2969 6790 4176 812 3829 6142 1687 1234 8461 8733 9036 5980 9426 6477 6217 926 6631 6534 3349 5592
16 5604 1135 6521 787 4589 8240 2879 4508 3681 2643 1158 1495 6482 5202 7214 1120
20 7228 8609 2485 7499 3531 3466 7535 3590 3784 1100 6809 2993 2751 4449 774 7923 2475 6091 6233 8730
33 2007 4836 8156 6286 8034 6430 1064 8514 2970 3851 4903 7344 6365 9686 9676 5946 6679 804 6033 504 9863 4466 323 4367 9339 1938 6955 6998 5750 3254 4886 6717 845
18 5159 1305 3046 5402 4969 2928 9082 2265 9462 8646 2526 2089 4420 1961 7964 7888 3041 1868
45 8070 7341 3869 9092 8067 4179 2934 1788 6842 7614 3842 3793 1121 8419 4349 6915 646 3123 3477 4253 3879 3682 5537 9564 7872 5064 3438 7743 5565 2420 5736 7279 8349 9618 9781 7511 4337 869 8717 8180 4193 3836 2623 664 7348
18 9764 7243 7616 4994 9276 862 9549 4804 6633 4113 5465 4220 4048 3323 9693 6384 925 8433
19 6514 8975 6601 5970 9649 6129 5434 3817 9966 3534 5684 6921 7453 8623 807 6470 9391 7878 3458
45 9220 1578 5335 9627 5406 4607 7361 5989 5466 2601 8631 7496 1830 9654 9313 3699 7494 9042 4805 2924 9268 6201 4045 4440 6422 6083 6841 6824 1341 5326 968 201 4954 6421 3143 891 3627 1149 2698 2113 2329 8078 630 5361 4203
35 6943 8587 3770 4986 2326 591 6746 8159 2503 1723 1535 9154 5282 4026 2305 4558 3451 6149 6336 908 8606 4808 5394 7521 6065 8722 2289 1669 2830 4149 8265 2277 3492 8666 8607
30 3965 4554 1181 3030 6767 7172 6139 2634 1218 4873 2297 8397 9233 3899 9295 574 2165 5884 5118 2629 2786 1514 6246 9936 662 1958 8541 2421 749 7374
15 2549 6984 568 8225 7210 8967 4476 6435 6614 6441 3652 2138 2073 4354 4865
42 0 2759 462 4914 7666 8362 457 4396 9869 9164 42 5889 1864 3889 9553 2376 5092 9153 5852 123 1419 4408 682 1036 2553 1151 2870 3852 8503 7717 5613 4283 1467 7281 6715 7489 6250 70 3522 4695 1552 9956
38 447 5497 7255 6751 113 1404 506 1302 6735 8812 2214 1297 4902 2428 3942 629 8258 4491 2048 1012 9594 6320 8842 7524 609 7702 9468 6017 9905 6010 4451 1354 1614 1052 8641 9971 2773 8308
23 3134 1335 5661 7014 3334 9530 8332 8748 9120 1806 8813 2354 5255 9310 2069 3162 9427 8866 7069 2593 7943 8174 8941
22 5758 306 6644 6906 4030 8014 3037 904 9146 9145 6693 564 5667 2843 2157 7044 4728 8612 2628 7215 1731 383
31 3114 1539 2429 1752 6359 3329 6469 3596 4888 4523 7143 5894 1417 3306 156 2370 4005 745 192 2801 4226 227 6835 9665 8839 5993 4151 2976 1184 6080 240
31 967 9002 3103 105 9286 3017 6951 5620 9143 2111 7680 5614 9968 3345 8616 8094 886 3479 3274 9150 352 7920 9748 5660 7908 2367 6309 4131 6317 7015 3286
34 3887 9962 7135 6416 5967 3208 4506 6698 8214 2657 7794 8995 388 7146 7914 9478 6908 4866 4565 1342 733 1954 600 8976 5346 962 9173 9746 522 2815 4339 2836 5446 1439
23 6 2181 5014 6560 7634 7887 1778 9436 1327 1094 4127 4500 2946 9818 899 5811 8808 2227 797 234 4305 2185 2210
42 6322 1199 735 8869 3083 4320 1087 3423 3270 7876 9557 7576 4814 2399 3746 3862 5584 5783 4007 8917 5581 244 9141 4302 184 9709 1942 2062 83 6389 1525 327 1268 2858 1758 6917 5342 1095 9484 7784 5653 2170
47 9097 6021 8622 4020 919 3304 7516 6057 9694 8673 1873 2001 9722 8297 6323 3428 5713 6839 6727 6476 9632 8436 2274 6209 1891 6594 2687 7598 4360 153 5905 5580 5817 702 3995 8861 3180 3140 9454 3369 9669 3716 9215 1001 7001 9876 3110
40 3749 1295 1223 254 6725 9889 6135 5651 1630 6866 655 2237 1452 9712 3848 7246 3646 624 7037 7334 249 8752 1728 8841 3472 3917 3571 3322 4864 1798 4531 9797 4269 5753 5024 7649 1472 906 2914 8301
43 1823 7922 1097 8560 5746 8746 7890 2972 2626 3105 3128 1984 7383 7713 6639 2542 7133 3146 8194 8087 3731 2003 4038 104 6708 4480 43 4987 4381 2134 604 6796 7603 6373 6959 4479 4185 1055 7154 9782 7783 20 5077
15 8718 2916 3933 8075 4570 1339 5891 5164 3100 2812 7182 8877 6964 9334 9668
36 3478 400 2160 7004 4233 9922 3585 5113 8178 8118 6013 661 6924 3016 8106 8033 7870 1726 1598 6618 8319 5608 4351 2052 4032 2544 997 7155 7185 9587 7417 6483 8405 36 2932 1018
44 7460 8593 3717 8136 4155 1828 3129 9853 2988 8288 4162 620 3109 8028 3050 2861 1338 7785 6531 1003 9570 1827 7421 2348 6114 7937 692 8233 7427 1856 8356 2049 9356 7317 3683 9243 5714 2592 9494 3185 7533 4332 231 8216
38 3120 4078 4475 1521 467 6946 1477 7357 4629 2406 826 2817 1321 425 6194 2228 5050 1282 1690 9183 6602 7571 6938 7418 407 4053 6651 5028 1841 2391 4780 4972 6016 6665 3737 770 6242 9766
28 6664 3550 3433 7528 6058 8928 1483 4446 4063 1897 2845 9831 8039 6874 3326 8652 3364 4021 4256 3556 2153 7075 3755 6147 9025 3347 1652 9024
25 5031 7958 2886 3137 1458 7677 7422 4101 8711 5471 9969 2040 3935 9879 6608 3650 6620 1616 2925 2716 4230 4726 6986 6944 5573
30 6467 7567 5453 188 6503 8509 4318 4001 699 483 6718 6625 108 8539 4317 722 3890 181 258 2349 9095 7052 3853 9637 1210 4904 1343 4042 4778 4795
29 8543 1194 8102 2583 100 9041 1722 2585 4619 7856 1106 1761 4966 3373 1232 1317 7164 348 2857 386 1967 9043 2351 7582 1463 5132 2502 4928 4604
42 913 8548 8198 5710 2350 6937 9001 9655 3253 8472 7046 1862 6303 4244 9696 2938 6134 6808 4593 9817 2133 2383 987 9000 1854 3516 2524 358 5823 7404 7596 9857 5846 7184 308 7158 8223 7242 685 948 5606 5697
37 1318 9469 8726 5307 8823 2930 7162 8462 3053 7224 1428 537 2337 2366 415 5974 5824 1364 6599 7894 9710 9950 4419 464 158 9500 7338 3844 9169 2968 9747 7977 6676 5334 1150 6507 5399
12 8227 9569 2840 9534 1484 7834 763 7017 4844 3259 3500 6111
26 2847 7444 6972 9033 2045 2377 7727 728 3031 8608 1051 6680 1957 4262 6180 356 6364 2251 5821 8327 6088 6354 4723 3021 6439 8217
22 5018 2774 9166 6268 8271 1959 1705 9737 9520 2678 7356 4991 9953 960 4324 8380 5666 9 1139 828 5616 9749
19 1334 8878 5965 7479 7639 8615 7085 1511 4682 1494 7909 6795 1306 7776 759 3535 8862 4374 9532
37 2266 4194 157 5285 7484 5693 2141 9156 3644 186 1017 97 7089 2436 6784 7282 5662 5943 9127 1455 8063 4857 2462 756 2262 3485 6914 8959 9307 8834 5269 6074 2878 5293 1359 7586 9765
42 3742 7956 4710 1465 7865 7300 5517 2143 8956 543 3669 4615 6722 9235 9209 819 793 8243 4331 1101 7364 5929 9605 324 3957 7520 3014 4977 590 5119 4574 2047 259 597 8114 1093 9638 2618 8120 7472 1456 5848
38 376 9167 3138 7010 1468 5171 3989 8801 786 4910 2504 4383 9497 569 679 1710 546 7750 808 5168 1380 510 6037 309 924 2347 7747 898 5845 9007 349 7996 5876 9123 3064 5637 1559 6185
24 8568 8687 6043 55 8845 5090 3 815 7626 6741 5578 6276 3736 5325 6887 4375 466 637 3670 455 8278 7042 9677 3723
41 9596 9960 7399 6082 3462 6987 7440 4863 1024 7198 5186 5981 7879 91 5291 6452 1441 2962 3945 1330 7245 3674 6688 2965 4608 2913 2679 3599 7541 3268 3658 2474 4181 8147 6241 6853 2880 3825 4013 9088 2764
35 8643 3307 2952 9306 8902 951 1640 5425 8426 657 4953 8686 3616 4521 9065 66 3968 1629 6854 272 5933 5603 1964 8628 4423 762 8702 6646 4108 8874 2050 6070 1751 2597 1805
22 2332 7429 1697 8978 665 753 6745 6152 2080 1250 929 3805 7125 5005 6777 5053 9547 1165 1808 5825 9414 3861
26 8200 4586 6171 290 5698 285 3471 1768 2055 5712 3159 3915 2177 5827 1657 9791 6506 1038 162 4530 8430 2839 6212 616 7 3589
26 6172 7126 6229 7808 4011 3559 2955 2498 1899 8654 3361 4816 1366 931 8226 8639 7469 440 5623 3679 8001 729 1086 2530 5244 6494
20 3975 8471 7900 6501 9182 986 435 4730 5851 6220 4079 2556 5622 2947 5520 3248 2403 5167 9507 180
43 5643 5308 92 3622 2935 8806 9535 1412 8600 6005 4952 1200 4630 5641 813 8562 4370 7080 1108 350 9435 7407 8844 778 4422 4276 7897 8886 4823 791 228 2120 8145 7983 6673 2833 1148 9650 136 1488 2276 5538 5669
20 2983 84 1122 4655 4231 1311 7757 5632 7381 6335 935 4390 911 1857 9734 3216 1844 7641 790 5854
21 2519 7621 7092 1423 1125 4512 6344 138 5648 4667 2609 7819 4313 1896 7990 6993 3107 1226 3664 9309 7825
33 4610 2206 3421 7369 838 3873 5663 9508 5838 3540 5348 2971 7901 1267 3362 3791 4464 4229 1390 2532 2727 9502 2554 3641 8205 4721 4257 2492 3631 3043 4040 7093 9354
20 6559 4059 4211 7456 9341 6567 9009 3417 5557 1114 4824 844 6627 5677 5336 2689 2987 5871 5051 3870
13 1237 5799 9550 2207 5904 1355 6000 6036 9729 2021 8513 6059 978
17 210 6475 8342 7218 7000 8940 8468 6965 1689 8768 8647 2652 1842 6578 995 9230 9803
25 998 1888 6532 9151 8203 5201 7303 8021 9775 7840 2355 4599 5762 5617 161 7284 3178 4881 8389 9371 6112 1009 8019 343 7986
29 650 1729 384 3493 4841 1222 7608 9851 5195 830 5400 4110 8788 8031 9184 7396 2145 1615 8707 6445 5806 1848 8884 1082 6496 6603 7391 2408 1378
29 1699 1123 3176 8804 8261 7685 2239 5519 7555 6296 4433 3118 718 1177 2173 167 2202 1160 9388 4995 49 8571 5318 4286 8451 4769 1579 579 8865
24 6288 268 9084 719 8825 9941 2127 3316 991 6372 4739 6459 9599 5949 191 2310 3408 2656 5874 5939 7151 7985 7115 4432
43 9410 8586 3653 3445 7719 5911 2762 7859 6200 9382 6949 8 131 7066 2241 7272 6167 5647 639 709 2076 1392 6093 6447 3060 2991 9578 5145 7740 9730 7470 587 8295 6941 5940 2253 1573 2258 9865 2814 3224 4691 4393
29 9433 6778 1508 5988 2427 1246 4921 8101 4358 7502 8926 501 9658 687 3379 2282 8313 4791 1825 3226 792 2550 9567 1333 8137 7393 5790 8222 976
38 1060 9741 7247 660 2780 5645 2921 2092 4333 9617 2743 1994 8259 8681 5610 1747 7150 9337 6871 883 6850 6298 2700 3967 3342 4412 8083 341 7814 1898 291 1183 5973 5395 7537 5312 5020 2211
28 5900 4798 6771 5766 8292 3409 7585 9672 9651 1536 4712 2548 2260 8193 2064 9623 2706 8099 3007 3446 1965 6554 1238 2875 6497 1717 1713 9359
17 9477 7877 6742 6754 7308 3267 2464 7227 5174 8867 1795 3204 3586 5544 1878 144 557
26 8279 6121 6392 3355 9772 6540 379 1983 402 5502 8836 2604 602 6024 3709 7310 4725 4670 6788 1935 9993 4268 5055 5720 4296 6342
28 9834 9911 7401 4878 4299 3792 8851 1363 9687 6672 7954 2613 8880 7663 2505 3934 5273 1105 7258 9491 2940 7095 3923 5831 1204 5225 5896 8519
29 347 3740 1999 5316 4405 8275 2632 9653 1892 9453 9713 1271 3486 4400 6030 3672 5567 6571 737 6867 7515 5969 1599 635 7700 9827 12 9753 4292
39 7565 5169 7174 7064 8742 8113 150 319 1235 3393 7765 7912 536 7823 5801 8482 2527 6237 3704 4128 4663 7961 6733 8498 9959 7991 8049 1661 4284 5688 4509 6355 6151 8090 8602 7772 4140 2615 4662
21 88 5586 7053 9338 9705 6710 4246 608 9188 6686 5239 4908 5390 5142 1426 3656 6750 4091 7416 8700 7112
12 6960 6128 3418 5251 1256 1910 5087 6818 9044 8849 9467 2669
26 1542 8302 5240 6210 6781 45 6081 2539 6543 6523 4388 8798 3230 7635 1127 7731 3095 1939 6468 1128 9614 598 1909 8122 9281 3880
43 443 9778 1834 4371 2891 4347 8188 4716 9046 7762 3133 2781 4597 1224 9777 2649 4147 4652 8996 4468 8105 22 8725 4033 6310 6137 8943 3741 4639 4707 9206 2450 2974 4134 9336 7831 3097 2821 9545 3402 7111 2271 2457
8 6958 7109 3131 514 5921 4957 9242 4027
38 8438 6950 3340 2174 8879 7340 2104 8659 9137 6273 3360 5153 4429 5283 3712 4397 2404 6213 8909 2954 8960 5206 1914 7009 1592 5914 9400 8507 6236 5842 5953 5063 7669 7968 391 5931 321 8414
41 5093 8309 9364 69 8720 2275 5415 9087 4463 2106 9858 1079 7048 1936 4499 1567 4198 8431 4681 3339 1946 4641 4516 876 9991 5016 8881 2926 9201 6928 312 6045 9008 7885 2463 9909 3422 5179 4160 5788 3569
31 1424 1396 484 9813 5107 9510 8640 6814 1167 2800 1102 6464 5061 4585 3319 9219 3688 1169 1783 7543 4044 1504 2315 6408 4838 4812 2540 5398 1718 8947 2225
30 300 6455 9939 8938 5695 6593 8803 9833 872 6099 2345 4934 114 197 5609 8714 9271 6195 8685 8983 7893 2136 6845 9878 3929 1261 2312 6271 7123 465
35 8454 7874 120 8564 588 1381 2515 8990 5220 8987 6806 90 183 7074 9259 7087 9521 4178 2616 9568 5079 8132 5897 9529 8613 3126 6546 2130 3718 811 1230 1137 9536 2508 263
32 794 4430 6706 4482 4493 8266 5527 3440 2446 6878 1679 683 8073 8413 750 5069 6331 6882 50 5966 4130 7802 6797 385 9292 6970 2535 5872 80 87 9125 820
17 9719 7120 6332 937 1206 4154 3532 2992 3925 9681 1466 4469 6063 5029 1118 8556 2152
30 1811 4190 8706 6077 7953 8065 861 9347 6428 4321 6762 4242 8316 1034 5052 7199 6266 1732 5294 9551 6801 2516 2865 4273 1379 8377 5599 4047 939 3378
19 1617 7070 6414 4008 8057 2869 8163 9260 7654 9037 3182 3813 225 6078 6393 1650 5444 3748 9723
33 4028 6813 3763 689 8542 6720 940 5221 2961 8520 2680 5959 934 2744 1039 8334 7436 1076 5909 5501 2723 1708 4081 8611 1754 8443 8527 9277 4779 5474 6060 8716 9811
38 6481 7963 2405 4762 982 7689 8285 4126 8245 6994 1835 633 711 1595 6820 202 6939 7222 8286 3212 449 9480 5755 6387 7899 3015 2575 3665 9703 747 5543 4553 1576 8282 667 2905 8490 3797
11 3257 4238 9499 9514 7548 9643 6666 8047 9377 7568 6492
25 28 5277 5322 9682 2245 675 7994 3806 1496 7193 7169 3544 9630 7622 550 8390 5045 6713 9224 175 8032 6755 3803 3299 4646
19 1789 6122 6890 1771 5562 607 3519 6287 1031 4259 9688 8846 2413 6892 6001 7670 2860 9552 2951
33 4363 4159 4956 1377 417 6982 1563 9886 8964 8165 1394 9862 8853 2051 5972 8678 8337 7478 6334 2588 5822 1621 7412 2606 1837 3898 3002 2353 6978 4103 9326 9472 2441
47 9573 9752 7759 4556 9023 2387 1937 3111 4527 9859 1397 7633 284 1587 8060 7217 647 7569 5958 9706 1584 2179 2386 3085 5203 6833 5529 8025 8873 5558 3695 5430 5075 2328 5765 2922 8455 5 5173 9280 3838 5198 3080 9860 8582 3287 6073
36 329 4988 625 2799 1872 9411 7220 2397 8585 9929 3598 5433 9634 5160 3353 3220 1991 9077 4219 5549 4820 3751 676 9415 7294 5612 7124 1893 7644 810 2658 710 6911 4158 8022 8123
27 7457 8737 6311 7675 5150 772 2121 4196 3375 8603 5635 6703 1716 9192 7931 9812 1922 7733 3835 2114 4392 5057 669 6214 6087 9304 3780
18 5238 3722 2107 9910 4990 7903 8827 6085 2415 8129 2201 2213 8635 7522 5607 7946 406 2287
36 1802 9013 3976 7065 5165 3094 283 7493 7335 9246 1648 9505 2852 4031 8916 7531 5009 9029 5279 6681 4406 8620 6197 3113 7774 2822 9787 7930 3350 6051 1202 4622 4 2243 4133 9380
27 1345 3476 542 1489 8373 1785 9928 5628 6738 3845 5065 1314 9554 2715 9053 2834 8095 6660 829 6499 6595 6518 805 3984 6919 3781 8850
33 3619 9715 8263 2008 4963 4077 2058 9340 7445 1072 3738 5978 9040 7403 4065 8793 1753 963 4955 9565 701 9315 8908 3012 1173 5819 3313 7611 4177 6819 3985 7289 8980
37 6683 7863 2990 1309 3289 1361 1694 2385 9795 6640 6606 6963 9855 1591 2651 1191 5711 8701 3671 1242 971 5256 9103 7370 1711 3084 365 7507 8322 7500 426 4596 5281 3687 9461 3172 8363
32 6552 1993 3209 8358 8131 4293 9560 6876 179 6756 9464 2520 7906 5717 3513 3069 6156 5409 3489 6347 4104 3282 7841 915 2263 1672 1279 5552 8314 1022 1020 3969
43 4573 8485 896 8724 3481 3841 3482 1346 8588 9191 6757 6538 4036 7580 5261 9115 6182 9320 5998 7973 7812 5313 9262 5219 4851 3574 7660 1198 3295 232 1069 7510 154 2792 7023 4611 8341 5961 5536 316 4799 8463 6300
23 4708 5310 2435 6042 8771 796 279 8787 3583 7041 4228 8173 1444 9357 1947 9800 2159 9038 2709 3903 31 2586 5776
32 4839 9016 2793 4713 8492 1497 8360 8310 4107 9273 943 458 663 958 1762 6458 570 8092 5209 6731 3280 6472 4447 5230 5499 8375 5855 1115 1887 1809 6191 2410
22 641 2797 89 9089 814 3769 1253 9107 3668 1065 909 4418 4386 3302 4132 1362 5494 1300 5311 398 5047 3612
48 7078 5786 6535 8682 7587 2267 3410 5368 578 4847 239 5566 5411 9122 4765 3821 8384 8835 9773 6067 7628 821 2884 5826 6379 8283 4519 9319 7987 6427 173 6440 1712 7170 5960 6635 6826 966 8537 3831 4883 4968 927 3528 3819 5547 9770 2659
10 5070 5716 99 4462 1454 381 9394 5478 9861 9287
27 5231 4409 4209 1812 4057 4580 1845 4334 2217 3922 7602 335 4136 5847 7703 1604 6977 4102 8512 545 1042 614 5870 8765 7617 5450 6753
31 2360 2472 7326 8229 4398 3045 1413 3901 8407 6802 1571 5682 4668 4858 5810 6881 401 2306 2172 6574 2028 5675 8719 4252 4534 3189 5108 7601 7527 6433 3928
27 8912 9561 4435 2507 3614 7050 2823 5191 5522 8627 7919 1265 985 3634 3794 7257 413 4896 4434 9129 4197 2103 8008 2509 4891 4243 1951
22 6529 766 3552 5516 3175 5590 7895 4180 9073 8339 4174 2582 1371 5328 4222 4037 3727 5003 7350 9555 7577 8994
31 2798 314 2676 2036 8154 1920 133 1907 5085 3537 1522 9546 6565 516 334 6369 4782 5457 5011 6909 7304 5689 8103 4290 18 2419 4852 4169 5935 5747 2448
24 1067 6161 1393 6758 3164 2317 8743 62 2864 5820 496 5095 337 4362 3303 298 9465 1212 2013 4785 535 6158 8054 5125
21 2653 3638 8246 4171 1997 3659 2811 1589 880 1075 7286 363 5370 621 6572 9275 2691 6097 3604 3766 923
31 9675 5362 3101 6076 4282 57 9823 4535 974 3174 3179 4792 5147 2220 320 4366 213 6434 3266 4294 4563 1877 7523 1600 9373 2301 5204 1400 2411 4568 2238
24 6370 9893 7657 8599 7312 295 2776 4800 1963 5761 7760 4932 6611 9603 9973 1923 9387 5596 1826 3400 8870 6613 170 4790
29 8634 7180 8152 360 9894 3972 7594 4552 1807 6270 9163 6815 4496 5106 765 922 159 503 5742 1544 2071 2183 8515 7514 5703 5436 59 5577 218
38 9424 2196 5319 5036 3497 4016 2449 1865 1263 8359 3424 8591 4827 9789 1372 523 5849 8896 6437 2580 1534 354 4069 1190 8561 6453 7261 6598 9808 758 783 9168 9589 1479 3284 5476 6997 2813
24 9868 1180 3401 6326 2572 6859 2390 3003 1927 178 2222 2068 1821 5162 5447 9903 9717 4241 4448 3812 8957 9850 4490 1254
24 8487 6671 521 5655 4401 8882 2442 7165 5298 7492 6208 8300 3079 7134 5484 65 16 6415 6366 1998 4929 9399 3184 432
32 4287 6009 2642 4736 6650 1925 5178 1501 9408 8125 6968 2459 2647 9945 3888 5435 7378 307 4445 955 9223 1440 8183 9656 8385 6992 5629 9396 9227 3863 8350 1658
23 8734 2188 4758 8232 552 4831 9493 5351 1109 7051 9924 2644 5533 1512 7025 7235 8674 4633 2032 3591 2169 8238 5545
24 3042 9629 2456 690 9972 5723 5469 2473 3008 8955 9870 2154 4818 2067 5800 6782 5489 3441 1336 3617 9014 1574 6576 6170
12 7451 2610 3944 8626 4049 4006 4353 6504 4458 2897 9228 6527
29 3397 7269 879 10 2892 8445 1061 1485 6008 485 918 5056 2281 2778 1707 5271 1759 4051 416 6701 3998 344 8923 5455 3335 4951 6417 9990 7307
38 9513 1833 2790 2234 7190 7605 2378 9646 9506 4369 6848 3203 2231 3135 4727 2299 8770 2848 4336 8491 6561 1266 1775 6177 4571 8579 9907 7942 2574 9214 4061 8910 8089 9918 2608 3480 472 9721
37 4281 5807 9809 912 5839 2998 266 1766 7848 8368 2417 2279 5413 9102 8969 8007 6394 7860 9790 6629 6341 8632 6894 7128 721 8457 6929 392 7540 3238 4606 7748 8043 1569 2182 4962 9673
31 5058 4555 1307 2150 2920 1570 1370 3701 2782 3398 8000 2805 1449 1373 3939 7551 9598 3093 3144 9051 5427 8496 1229 4010 6844 9198 3452 3279 3719 9004 8210
16 296 6084 5152 6773 7331 5114 6716 6875 7260 2273 9296 230 5365 8056 9840 6544
12 5964 6783 56 4483 3760 7742 9793 86 5652 302 2818 480
38 4124 2602 9486 8134 3514 4846 5624 6324 9511 1409 7791 403 9064 996 8747 1517 3011 177 5309 7694 15 8289 6604 9899 5129 2151 6275 9930 5735 2726 2466 8138 9285 3872 182 3745 5515 5254
32 6714 1287 4062 9995 3747 3584 5473 2099 2696 8876 2655 5420 5038 5405 346 7646 3013 8045 5862 9895 2672 8859 4672 2637 2908 9172 6144 6350 8618 8211 1701 6260
39 5615 5926 5177 5330 4734 4539 7083 9383 8982 7934 1632 6449 4634 3690 9159 3436 1981 3611 2437 3467 5789 5265 6661 4927 8250 4740 8488 7853 1099 6840 393 7297 4911 6221 8424 2964 4186 1972 5672
23 593 9498 2232 256 6410 1074 9645 3758 207 4304 7807 7458 7488 96 8777 411 3676 5252 6899 3677 2734 2794 5296
44 2200 6025 2101 1543 3994 8735 8185 3108 7517 3777 8100 5046 7276 4300 6267 6570 6996 9836 1050 5297 6983 9481 6930 1182 7652 9592 4754 2956 3823 8852 3907 1047 4431 4280 6736 5013 6411 3643 1112 8535 5485 4976 1642 8740
23 4793 5223 1145 1971 3309 1457 2555 1549 6609 6038 1316 6616 3348 5740 2094 5388 1641 5248 1141 1019 6721 9311 3380
29 5722 1985 5185 8357 3177 5636 2078 2129 6787 5468 1564 217 7845 9475 3089 8256 2724 367 8924 7277 5548 4529 7259 5360 5882 678 3744 8422 5646
42 7055 9213 7495 2163 2280 122 5605 9736 75 6642 7367 6471 7353 9133 5759 705 7705 3686 7629 3406 9114 1264 6857 6211 4452 8558 2564 6257 8797 5397 8255 8011 5638 1928 7539 3327 1290 1677 8888 5563 795 1646
38 6657 9081 8418 9887 988 7171 7830 7491 6020 6096 3219 294 6028 5770 551 6893 7818 4835 4772 9112 3130 4576 9108 8636 4813 2750 6419 2014 431 8894 7029 9210 8130 9329 4156 638 7173 6479
22 1581 8773 2546 8936 5925 7722 9445 1510 5865 4859 4731 4315 860 2730 5131 1084 6981 5458 9117 8069 7795 6870
15 6162 6562 575 9050 9562 1930 4874 5836 8371 5591 5012 9370 4796 5571 3035
18 4743 1437 3600 430 4267 1767 725 6789 1537 2887 8570 3715 6990 9711 2677 1948 5760 9916
27 2477 6148 3260 6243 9178 2929 5288 404 2688 941 79 4526 68 250 3318 1619 1774 4786 4840 1608 6702 4718 7298 5773 339 9943 3827
21 3520 9938 4377 9432 4471 71 2199 4514 7995 7130 1144 1645 8756 9196 8396 7824 818 3618 4338 4683 7223
34 9842 1832 8662 9593 2117 4444 6107 760 4741 7693 1280 3510 8121 1607 7485 1081 3192 8534 7324 223 9961 6829 3296 3166 5146 2019 6761 8948 7035 2361 8044 994 9796 5718
40 1303 5464 6626 4733 9635 3415 7011 942 6405 4345 4764 9386 5873 7062 7397 6704 9731 3231 1211 3314 7869 2807 4919 4738 877 8117 8241 2012 1498 1243 7938 1044 2627 4759 1966 8260 9176 8690 5841 626
34 957 1861 2356 5880 7827 4359 8096 494 4711 4015 2321 5539 8042 3675 3437 1688 8769 5523 6628 6308 6126 2039 3272 3620 3720 13 7801 6533 7136 6035 5665 3883 9937 4538
27 9901 5627 1418 8369 572 1791 4372 5337 4391 5396 882 1043 5814 8930 6577 5375 2624 2365 2285 5383 2699 9881 4364 7773 7057 4348 9776
26 1889 9762 8538 7725 4111 4455 4943 7881 332 1742 1885 599 7244 4311 8320 5795 9816 414 7166 970 4547 487 7432 7073 5644 1633
16 1178 8695 5521 8480 7674 5386 9048 981 7858 3240 7871 5431 2300 1481 7252 1015
23 6961 3543 902 5676 2016 9180 310 7375 4424 1818 3973 8811 6837 6284 8474 1028 3250 7751 8517 1304 4901 831 3857
16 8890 6812 3900 5797 7758 145 4261 1952 8372 5631 9317 8939 9517 3987 9374 1602
35 6406 9558 1410 3394 5280 111 779 1583 1918 7552 4967 4522 6040 2254 4950 1769 424 6395 8820 7796 373 7998 5528 2960 3649 9367 9692 3032 8929 4918 436 6019 5439 8898 1562
17 7266 6299 2414 3943 6957 7183 8563 6936 2460 3876 1147 2203 6573 8374 2770 325 1247
24 3419 700 2375 2423 7038 9174 4825 499 2737 889 5869 4964 9335 6337 887 9344 3916 4763 491 707 9601 3858 1006 148
26 8977 9149 2046 4540 5479 3263 3374 2620 1387 7090 8763 5116 5737 8679 5224 9970 4288 7131 8789 4909 9369 8168 4319 6748 8921 2322
39 2369 3937 8052 893 6931 5236 277 2685 142 3092 2587 6730 2562 4822 6179 1196 4389 3229 618 3538 4542 2874 9590 6343 7306 9582 7449 6219 4172 7780 2701 8082 4592 7423 3850 7138 4803 910 7410
26 9422 1757 7452 7077 9580 497 6385 1516 4083 9584 6566 3034 76 9289 9838 7254 4161 7588 3004 2567 2481 3106 5937 1478 7251 5443
31 6127 2496 1664 4270 885 5685 7026 4120 438 9466 1427 2286 5942 827 116 7268 4248 4217 2703 894 5199 237 9942 63 1482 7673 9873 8429 6685 2100 7467
31 2447 3562 903 7955 7049 224 8642 1312 236 9096 2803 9543 1301 6061 1770 8005 8479 3190 7763 8249 1445 1350 6075 243 9915 9039 2471 8439 2510 8794 1284
43 5798 7597 1032 9975 4750 3860 9622 4837 8919 4676 3892 8831 6232 527 7058 7707 7797 8367 370 4616 8171 2085 2598 2483 7426 7336 9671 9829 8531 7409 5796 5429 6723 3706 3218 3405 8352 8858 9608 5857 7161 1931 8091
24 4729 4234 5559 6119 6589 3328 9856 5218 8650 9342 4724 7880 8465 7905 1220 980 4562 5276 2219 2087 3882 5886 5977 7311
31 8944 5340 7738 4875 2476 9027 3346 4511 3332 916 1558 3639 3132 2551 6511 4105 4199 8549 6923 9695 8759 822 8899 1962 5834 3343 7896 8404 4308 7766 7714
20 7127 9236 7213 9362 9572 5840 1941 9728 8580 1434 6979 6553 469 2168 6862 368 8552 5331 9906 1134
14 6973 2126 3161 8589 3040 5579 5906 4876 7358 7836 7873 5263 7600 7632
20 5410 8112 241 3961 9294 4826 4949 3376 3288 3243 429 8269 6294 3734 3588 6569 4350 8712 6700 7756
27 3357 7735 8984 8386 7002 9010 8838 7377 8388 6052 9446 353 4945 2395 9771 2081 8142 317 5975 6487 540 3298 3724 7459 5944 6461 2208
21 7067 6007 4653 5403 4478 4680 9290 6383 1568 9278 4100 7321 5927 2490 8660 9774 8604 7544 8750 3273 2939
31 8391 5287 3363 4145 1649 6368 287 5923 5066 7036 8062 1161 8401 4979 1665 6224 1278 1505 8335 8805 6732 5408 5345 7739 5922 6032 8847 5253 8710 7219 58
30 6438 3518 6215 9984 9098 6302 1294 6265 5154 2667 5600 5376 4213 7980 2683 7441 3228 126 247 4258 2102 7388 3702 1059 4295 1014 9241 5659 3264 1929
13 7656 7013 7212 1025 2761 4579 4018 2458 5378 4905 7424 437 1547
21 901 2236 566 3529 9700 6888 5985 3964 8855 1749 2256 2392 5338 8208 4413 3386 176 8897 8311 5504 6258
21 2221 2224 2162 2489 8408 8696 8577 9450 4703 7526 5196 2342 9940 6465 1969 7390 7413 4310 9801 371 3367
17 303 1585 1403 7119 9131 4889 9019 8355 8398 5181 9066 9662 4436 7618 9061 5404 4649
29 7360 3932 8331 2684 6712 4897 5180 5574 3714 3800 2705 972 7462 9416 4590 3577 1924 3573 2194 2116 6205 8144 8723 642 2888 4416 1088 648 2098
20 2017 9194 3764 8754 1739 1195 1490 5861 9745 4068 9621 5232 3768 5496 4860 9528 5508 6113 5859 9430
25 2339 1499 9058 9802 9577 5691 8972 555 7060 1239 9266 260 4187 2161 3983 8287 9083 4461 7030 4752 2819 7959 2259 9714 8098
17 8757 253 6596 5015 3125 3255 1357 2755 6118 6071 4913 9896 2514 7505 2854 7200 4325
28 3156 82 5526 5242 5315 5483 6095 6183 7007 6054 38 9977 3065 8220 2664 5290 1996 1556 4849 9841 9047 2146 9200 8581 5264 6585 8195 7789
19 4157 5731 4975 3470 9779 8453 2619 7504 6945 1750 5126 5007 6254 3547 7838 3787 5278 5551 8119
6 7234 2907 2859 5184 8657 3377
2 474 6547
0 
0 
0 
0 
0 
0 
0 
0 
0 
0 
0 
0 
0 
0 
0 